<?xml version="1.0" encoding="UTF-8"?>
<testsuite name="com.futures.AcceptanceTestSuite" time="151.007" tests="15" errors="0" skipped="0" failures="0">
  <properties>
[...]
</properties>
  <testcase name="BeforeStories" classname="java.lang.Object" time="0.01"/>
  <testcase name="Given open home page" classname="com.futures.steps.DefinitionSteps" time="20.367"/>
  <testcase name="When I login to blibli" classname="com.futures.steps.DefinitionSteps" time="14.211"/>
  <testcase name="Then I can see my name in the site" classname="com.futures.steps.DefinitionSteps" time="5.155"/>
  <testcase name="Given Already Logged in" classname="com.futures.steps.DefinitionSteps" time="1.617"/>
  <testcase name="When I search product &apos;beras&apos; on search column" classname="com.futures.steps.DefinitionSteps" time="15.193"/>
  <testcase name="And I choose product of the first column" classname="com.futures.steps.DefinitionSteps" time="17.504"/>
  <testcase name="And I add the product to the bag" classname="com.futures.steps.DefinitionSteps" time="6.67"/>
  <testcase name="Then I see my bag contained" classname="com.futures.steps.DefinitionSteps" time="5.883"/>
  <testcase name="Given Continue to pay" classname="com.futures.steps.DefinitionSteps" time="18.312"/>
  <testcase name="When insert BCA klik user id" classname="com.futures.steps.DefinitionSteps" time="2.581"/>
  <testcase name="Then I see thank you page" classname="com.futures.steps.DefinitionSteps" time="13.52"/>
  <testcase name="Scenario: Go to blibli homepage and Login" classname="Scenario: Go to blibli homepage and Login" time="14.941"/>
  <testcase name="searchChooseAddtoCart.story" classname="searchChooseAddtoCart.story" time="15.026"/>
  <testcase name="AfterStories" classname="java.lang.Object" time="0.017"/>
</testsuite>